0 info it worked if it ends with ok
1 verbose cli [ 'C:\\Program Files\\nodejs\\node.exe',
1 verbose cli   'C:\\Program Files\\nodejs\\node_modules\\npm\\bin\\npm-cli.js',
1 verbose cli   'run',
1 verbose cli   'bump' ]
2 info using npm@3.10.9
3 info using node@v7.2.0
4 verbose run-script [ 'prebump', 'bump', 'postbump' ]
5 info lifecycle sulu-file-system-view-copy@1.0.0~prebump: sulu-file-system-view-copy@1.0.0
6 silly lifecycle sulu-file-system-view-copy@1.0.0~prebump: no script for prebump, continuing
7 info lifecycle sulu-file-system-view-copy@1.0.0~bump: sulu-file-system-view-copy@1.0.0
8 verbose lifecycle sulu-file-system-view-copy@1.0.0~bump: unsafe-perm in lifecycle true
9 verbose lifecycle sulu-file-system-view-copy@1.0.0~bump: PATH: C:\Program Files\nodejs\node_modules\npm\bin\node-gyp-bin;C:\git\sulu-package-repos\sulu-file-system-view-copy\node_modules\.bin;C:\Program Files\ImageMagick-7.0.3-Q16;C:\Python27\;C:\Python27\Scripts;C:\Program Files (x86)\Intel\iCLS Client\;C:\Program Files\Intel\iCLS Client\;C:\Windows\system32;C:\Windows;C:\Windows\System32\Wbem;C:\Windows\System32\WindowsPowerShell\v1.0\;C:\Program Files (x86)\NVIDIA Corporation\PhysX\Common;C:\Program Files (x86)\Intel\Intel(R) Management Engine Components\DAL;C:\Program Files\Intel\Intel(R) Management Engine Components\DAL;C:\Program Files (x86)\Intel\Intel(R) Management Engine Components\IPT;C:\Program Files\Intel\Intel(R) Management Engine Components\IPT;C:\Windows\system32\config\systemprofile\.dnx\bin;C:\Program Files\Microsoft DNX\Dnvm\;C:\Program Files\Microsoft SQL Server\130\Tools\Binn\;C:\Program Files (x86)\Heroku\bin;C:\Program Files (x86)\git\cmd;C:\Program Files (x86)\Windows Kits\8.1\Windows Performance Toolkit\;C:\Program Files\CMake\bin;C:\Program Files\TortoiseGit\bin;C:\Program Files (x86)\Windows Live\Shared;C:\Program Files (x86)\Skype\Phone\;C:\Program Files\Git\cmd;C:\Program Files\nodejs\;C:\Program Files (x86)\Gource\cmd;C:\Users\User\AppData\Local\Programs\Python\Python35-32\Scripts\;C:\Users\User\AppData\Local\Programs\Python\Python35-32\;C:\Program Files (x86)\Microsoft VS Code\bin;C:\Users\User\AppData\Local\atom\bin;C:\OpenCV\build\x64\vc12\bin;C:\Users\User\AppData\Roaming\npm;c:\Program Files\Git\usr\bin\
10 verbose lifecycle sulu-file-system-view-copy@1.0.0~bump: CWD: C:\git\sulu-package-repos\sulu-file-system-view-copy
11 silly lifecycle sulu-file-system-view-copy@1.0.0~bump: Args: [ '/d /s /c',
11 silly lifecycle   'npm version patch && git push && git push --tags && npm publish' ]
12 silly lifecycle sulu-file-system-view-copy@1.0.0~bump: Returned: code: 128  signal: null
13 info lifecycle sulu-file-system-view-copy@1.0.0~bump: Failed to exec bump script
14 verbose stack Error: sulu-file-system-view-copy@1.0.0 bump: `npm version patch && git push && git push --tags && npm publish`
14 verbose stack Exit status 128
14 verbose stack     at EventEmitter.<anonymous> (C:\Program Files\nodejs\node_modules\npm\lib\utils\lifecycle.js:255:16)
14 verbose stack     at emitTwo (events.js:106:13)
14 verbose stack     at EventEmitter.emit (events.js:191:7)
14 verbose stack     at ChildProcess.<anonymous> (C:\Program Files\nodejs\node_modules\npm\lib\utils\spawn.js:40:14)
14 verbose stack     at emitTwo (events.js:106:13)
14 verbose stack     at ChildProcess.emit (events.js:191:7)
14 verbose stack     at maybeClose (internal/child_process.js:885:16)
14 verbose stack     at Process.ChildProcess._handle.onexit (internal/child_process.js:226:5)
15 verbose pkgid sulu-file-system-view-copy@1.0.0
16 verbose cwd C:\git\sulu-package-repos\sulu-file-system-view-copy
17 error Windows_NT 10.0.10586
18 error argv "C:\\Program Files\\nodejs\\node.exe" "C:\\Program Files\\nodejs\\node_modules\\npm\\bin\\npm-cli.js" "run" "bump"
19 error node v7.2.0
20 error npm  v3.10.9
21 error code ELIFECYCLE
22 error sulu-file-system-view-copy@1.0.0 bump: `npm version patch && git push && git push --tags && npm publish`
22 error Exit status 128
23 error Failed at the sulu-file-system-view-copy@1.0.0 bump script 'npm version patch && git push && git push --tags && npm publish'.
23 error Make sure you have the latest version of node.js and npm installed.
23 error If you do, this is most likely a problem with the sulu-file-system-view-copy package,
23 error not with npm itself.
23 error Tell the author that this fails on your system:
23 error     npm version patch && git push && git push --tags && npm publish
23 error You can get information on how to open an issue for this project with:
23 error     npm bugs sulu-file-system-view-copy
23 error Or if that isn't available, you can get their info via:
23 error     npm owner ls sulu-file-system-view-copy
23 error There is likely additional logging output above.
24 verbose exit [ 1, true ]
